22-Apr-2026 11:42:24.770 INFO [http-nio-8080-exec-15] org.apache.catalina.startup.HostConfig.undeploy Undeploying context [/ClientServerCW]
22-Apr-2026 11:43:22.166 INFO [http-nio-8080-exec-16] org.apache.catalina.startup.HostConfig.deployDescriptor Deploying deployment descriptor [E:\ClientServerCW\apache-tomcat-9.0.100\conf\Catalina\localhost\ClientServerCW.xml]
22-Apr-2026 11:43:22.209 WARNING [http-nio-8080-exec-16] org.apache.catalina.startup.HostConfig.deployDescriptor The path attribute with value [/ClientServerCW] in deployment descriptor [E:\ClientServerCW\apache-tomcat-9.0.100\conf\Catalina\localhost\ClientServerCW.xml] has been ignored
22-Apr-2026 11:43:24.723 INFO [http-nio-8080-exec-16] org.apache.jasper.servlet.TldScanner.scanJars At least one JAR was scanned for TLDs yet contained no TLDs. Enable debug logging for this logger for a complete list of JARs that were scanned but no TLDs were found in them. Skipping unneeded JARs during scanning can improve startup time and JSP compilation time.
22-Apr-2026 11:43:25.956 WARNING [http-nio-8080-exec-16] org.glassfish.jersey.message.internal.MessagingBinders$EnabledProvidersBinder.bindToBinder A class javax.activation.DataSource for a default provider MessageBodyWriter<javax.activation.DataSource> was not found. The provider is not available.
22-Apr-2026 11:43:26.112 WARNING [http-nio-8080-exec-16] org.glassfish.jersey.server.wadl.WadlFeature.configure JAXBContext implementation could not be found. WADL feature is disabled.
22-Apr-2026 11:43:27.811 INFO [http-nio-8080-exec-16] org.apache.catalina.startup.HostConfig.deployDescriptor Deployment of deployment descriptor [E:\ClientServerCW\apache-tomcat-9.0.100\conf\Catalina\localhost\ClientServerCW.xml] has finished in [5,644] ms
22-Apr-2026 11:43:27.817 INFO [http-nio-8080-exec-13] org.apache.catalina.util.LifecycleBase.start The start() method was called on component [StandardEngine[Catalina].StandardHost[localhost].StandardContext[/ClientServerCW]] after start() had already been called. The second call will be ignored.
22-Apr-2026 11:46:35.133 SEVERE [http-nio-8080-exec-24] org.glassfish.jersey.message.internal.WriterInterceptorExecutor$TerminalWriterInterceptor.aroundWriteTo MessageBodyWriter not found for media type=application/xml, type=class com.mycompany.models.Room, genericType=class com.mycompany.models.Room.
22-Apr-2026 12:05:20.000 INFO [http-nio-8080-exec-23] org.apache.catalina.startup.HostConfig.undeploy Undeploying context [/ClientServerCW]
22-Apr-2026 12:05:57.465 INFO [http-nio-8080-exec-25] org.apache.catalina.startup.HostConfig.deployDescriptor Deploying deployment descriptor [E:\ClientServerCW\apache-tomcat-9.0.100\conf\Catalina\localhost\ClientServerCW.xml]
22-Apr-2026 12:05:57.474 WARNING [http-nio-8080-exec-25] org.apache.catalina.startup.HostConfig.deployDescriptor The path attribute with value [/ClientServerCW] in deployment descriptor [E:\ClientServerCW\apache-tomcat-9.0.100\conf\Catalina\localhost\ClientServerCW.xml] has been ignored
22-Apr-2026 12:05:59.921 INFO [http-nio-8080-exec-25] org.apache.jasper.servlet.TldScanner.scanJars At least one JAR was scanned for TLDs yet contained no TLDs. Enable debug logging for this logger for a complete list of JARs that were scanned but no TLDs were found in them. Skipping unneeded JARs during scanning can improve startup time and JSP compilation time.
22-Apr-2026 12:06:01.338 WARNING [http-nio-8080-exec-25] org.glassfish.jersey.message.internal.MessagingBinders$EnabledProvidersBinder.bindToBinder A class javax.activation.DataSource for a default provider MessageBodyWriter<javax.activation.DataSource> was not found. The provider is not available.
22-Apr-2026 12:06:01.537 WARNING [http-nio-8080-exec-25] org.glassfish.jersey.server.wadl.WadlFeature.configure JAXBContext implementation could not be found. WADL feature is disabled.
22-Apr-2026 12:06:03.668 INFO [http-nio-8080-exec-25] org.apache.catalina.startup.HostConfig.deployDescriptor Deployment of deployment descriptor [E:\ClientServerCW\apache-tomcat-9.0.100\conf\Catalina\localhost\ClientServerCW.xml] has finished in [6,203] ms
22-Apr-2026 12:06:03.677 INFO [http-nio-8080-exec-26] org.apache.catalina.util.LifecycleBase.start The start() method was called on component [StandardEngine[Catalina].StandardHost[localhost].StandardContext[/ClientServerCW]] after start() had already been called. The second call will be ignored.
22-Apr-2026 12:08:35.236 SEVERE [http-nio-8080-exec-34] org.glassfish.jersey.message.internal.WriterInterceptorExecutor$TerminalWriterInterceptor.aroundWriteTo MessageBodyWriter not found for media type=text/xml, type=class com.mycompany.models.Room, genericType=class com.mycompany.models.Room.
22-Apr-2026 12:20:48.551 INFO [http-nio-8080-exec-39] org.apache.catalina.startup.HostConfig.undeploy Undeploying context [/ClientServerCW]
22-Apr-2026 12:23:08.592 INFO [http-nio-8080-exec-31] org.apache.catalina.startup.HostConfig.deployDescriptor Deploying deployment descriptor [E:\ClientServerCW\apache-tomcat-9.0.100\conf\Catalina\localhost\ClientServerCW.xml]
22-Apr-2026 12:23:08.603 WARNING [http-nio-8080-exec-31] org.apache.catalina.startup.HostConfig.deployDescriptor The path attribute with value [/ClientServerCW] in deployment descriptor [E:\ClientServerCW\apache-tomcat-9.0.100\conf\Catalina\localhost\ClientServerCW.xml] has been ignored
22-Apr-2026 12:23:10.441 INFO [http-nio-8080-exec-31] org.apache.jasper.servlet.TldScanner.scanJars At least one JAR was scanned for TLDs yet contained no TLDs. Enable debug logging for this logger for a complete list of JARs that were scanned but no TLDs were found in them. Skipping unneeded JARs during scanning can improve startup time and JSP compilation time.
22-Apr-2026 12:23:11.363 WARNING [http-nio-8080-exec-31] org.glassfish.jersey.message.internal.MessagingBinders$EnabledProvidersBinder.bindToBinder A class javax.activation.DataSource for a default provider MessageBodyWriter<javax.activation.DataSource> was not found. The provider is not available.
22-Apr-2026 12:23:11.498 WARNING [http-nio-8080-exec-31] org.glassfish.jersey.server.wadl.WadlFeature.configure JAXBContext implementation could not be found. WADL feature is disabled.
22-Apr-2026 12:23:12.760 INFO [http-nio-8080-exec-31] org.apache.catalina.startup.HostConfig.deployDescriptor Deployment of deployment descriptor [E:\ClientServerCW\apache-tomcat-9.0.100\conf\Catalina\localhost\ClientServerCW.xml] has finished in [4,167] ms
22-Apr-2026 12:23:12.764 INFO [http-nio-8080-exec-33] org.apache.catalina.util.LifecycleBase.start The start() method was called on component [StandardEngine[Catalina].StandardHost[localhost].StandardContext[/ClientServerCW]] after start() had already been called. The second call will be ignored.
22-Apr-2026 12:35:42.084 SEVERE [http-nio-8080-exec-49] org.glassfish.jersey.message.internal.WriterInterceptorExecutor$TerminalWriterInterceptor.aroundWriteTo MessageBodyWriter not found for media type=application/octet-stream, type=class com.mycompany.models.SensorReading, genericType=class com.mycompany.models.SensorReading.
22-Apr-2026 12:43:33.479 SEVERE [http-nio-8080-exec-48] org.glassfish.jersey.message.internal.WriterInterceptorExecutor$TerminalWriterInterceptor.aroundWriteTo MessageBodyWriter not found for media type=application/octet-stream, type=class com.mycompany.models.SensorReading, genericType=class com.mycompany.models.SensorReading.
22-Apr-2026 12:46:02.971 INFO [http-nio-8080-exec-46] org.apache.catalina.startup.HostConfig.undeploy Undeploying context [/ClientServerCW]
22-Apr-2026 12:46:40.238 INFO [http-nio-8080-exec-47] org.apache.catalina.startup.HostConfig.deployDescriptor Deploying deployment descriptor [E:\ClientServerCW\apache-tomcat-9.0.100\conf\Catalina\localhost\ClientServerCW.xml]
22-Apr-2026 12:46:40.247 WARNING [http-nio-8080-exec-47] org.apache.catalina.startup.HostConfig.deployDescriptor The path attribute with value [/ClientServerCW] in deployment descriptor [E:\ClientServerCW\apache-tomcat-9.0.100\conf\Catalina\localhost\ClientServerCW.xml] has been ignored
22-Apr-2026 12:46:41.963 INFO [http-nio-8080-exec-47] org.apache.jasper.servlet.TldScanner.scanJars At least one JAR was scanned for TLDs yet contained no TLDs. Enable debug logging for this logger for a complete list of JARs that were scanned but no TLDs were found in them. Skipping unneeded JARs during scanning can improve startup time and JSP compilation time.
22-Apr-2026 12:46:42.894 WARNING [http-nio-8080-exec-47] org.glassfish.jersey.message.internal.MessagingBinders$EnabledProvidersBinder.bindToBinder A class javax.activation.DataSource for a default provider MessageBodyWriter<javax.activation.DataSource> was not found. The provider is not available.
22-Apr-2026 12:46:43.094 WARNING [http-nio-8080-exec-47] org.glassfish.jersey.server.wadl.WadlFeature.configure JAXBContext implementation could not be found. WADL feature is disabled.
22-Apr-2026 12:46:44.422 INFO [http-nio-8080-exec-47] org.apache.catalina.startup.HostConfig.deployDescriptor Deployment of deployment descriptor [E:\ClientServerCW\apache-tomcat-9.0.100\conf\Catalina\localhost\ClientServerCW.xml] has finished in [4,185] ms
22-Apr-2026 12:46:44.426 INFO [http-nio-8080-exec-43] org.apache.catalina.util.LifecycleBase.start The start() method was called on component [StandardEngine[Catalina].StandardHost[localhost].StandardContext[/ClientServerCW]] after start() had already been called. The second call will be ignored.
